[35m[1mScanning dependencies of target _turtlebot3_autorace_msgs_generate_messages_check_deps_MovingParam[0m
[  0%] Built target _turtlebot3_autorace_msgs_generate_messages_check_deps_MovingParam
[35m[1mScanning dependencies of target std_msgs_generate_messages_cpp[0m
[  0%] Built target std_msgs_generate_messages_cpp
[35m[1mScanning dependencies of target std_msgs_generate_messages_lisp[0m
[  0%] Built target std_msgs_generate_messages_lisp
[35m[1mScanning dependencies of target std_msgs_generate_messages_py[0m
[  0%] Built target std_msgs_generate_messages_py
[35m[1mScanning dependencies of target std_msgs_generate_messages_eus[0m
[  0%] Built target std_msgs_generate_messages_eus
[35m[1mScanning dependencies of target std_msgs_generate_messages_nodejs[0m
[  0%] Built target std_msgs_generate_messages_nodejs
[35m[1mScanning dependencies of target turtlebot3_autorace_msgs_generate_messages_cpp[0m
[35m[1mScanning dependencies of target turtlebot3_autorace_msgs_generate_messages_lisp[0m
[ 14%] [34m[1mGenerating C++ code from turtlebot3_autorace_msgs/MovingParam.msg[0m
[ 28%] [34m[1mGenerating Lisp code from turtlebot3_autorace_msgs/MovingParam.msg[0m
[ 28%] Built target turtlebot3_autorace_msgs_generate_messages_lisp
[35m[1mScanning dependencies of target turtlebot3_autorace_msgs_generate_messages_py[0m
[ 42%] [34m[1mGenerating Python from MSG turtlebot3_autorace_msgs/MovingParam[0m
[35m[1mScanning dependencies of target turtlebot3_autorace_msgs_generate_messages_eus[0m
[ 57%] [34m[1mGenerating EusLisp code from turtlebot3_autorace_msgs/MovingParam.msg[0m
[ 57%] Built target turtlebot3_autorace_msgs_generate_messages_cpp
[ 71%] [34m[1mGenerating EusLisp manifest code for turtlebot3_autorace_msgs[0m
[35m[1mScanning dependencies of target turtlebot3_autorace_msgs_generate_messages_nodejs[0m
[ 85%] [34m[1mGenerating Javascript code from turtlebot3_autorace_msgs/MovingParam.msg[0m
[100%] [34m[1mGenerating Python msg __init__.py for turtlebot3_autorace_msgs[0m
[100%] Built target turtlebot3_autorace_msgs_generate_messages_nodejs
[100%] Built target turtlebot3_autorace_msgs_generate_messages_py
[100%] Built target turtlebot3_autorace_msgs_generate_messages_eus
[35m[1mScanning dependencies of target turtlebot3_autorace_msgs_generate_messages[0m
[100%] Built target turtlebot3_autorace_msgs_generate_messages
