Determining if the pthread_create exist failed with the following output:
Change Dir: /home/neil/catkin_ws/build/CMakeFiles/CMakeTmp

Run Build Command:"/usr/bin/make" "cmTC_e20dc/fast"
/usr/bin/make -f CMakeFiles/cmTC_e20dc.dir/build.make CMakeFiles/cmTC_e20dc.dir/build
make[1]: Entering directory '/home/neil/catkin_ws/build/CMakeFiles/CMakeTmp'
Building C object CMakeFiles/cmTC_e20dc.dir/CheckSymbolExists.c.o
/usr/bin/cc    -o CMakeFiles/cmTC_e20dc.dir/CheckSymbolExists.c.o   -c /home/neil/catkin_ws/build/CMakeFiles/CMakeTmp/CheckSymbolExists.c
Linking C executable cmTC_e20dc
/usr/bin/cmake -E cmake_link_script CMakeFiles/cmTC_e20dc.dir/link.txt --verbose=1
/usr/bin/cc      -rdynamic CMakeFiles/cmTC_e20dc.dir/CheckSymbolExists.c.o  -o cmTC_e20dc 
CMakeFiles/cmTC_e20dc.dir/CheckSymbolExists.c.o: In function `main':
CheckSymbolExists.c:(.text+0x1b): undefined reference to `pthread_create'
collect2: error: ld returned 1 exit status
CMakeFiles/cmTC_e20dc.dir/build.make:97: recipe for target 'cmTC_e20dc' failed
make[1]: *** [cmTC_e20dc] Error 1
make[1]: Leaving directory '/home/neil/catkin_ws/build/CMakeFiles/CMakeTmp'
Makefile:126: recipe for target 'cmTC_e20dc/fast' failed
make: *** [cmTC_e20dc/fast] Error 2

File /home/neil/catkin_ws/build/CMakeFiles/CMakeTmp/CheckSymbolExists.c:
/* */
#include <pthread.h>

int main(int argc, char** argv)
{
  (void)argv;
#ifndef pthread_create
  return ((int*)(&pthread_create))[argc];
#else
  (void)argc;
  return 0;
#endif
}

Determining if the function pthread_create exists in the pthreads failed with the following output:
Change Dir: /home/neil/catkin_ws/build/CMakeFiles/CMakeTmp

Run Build Command:"/usr/bin/make" "cmTC_67264/fast"
/usr/bin/make -f CMakeFiles/cmTC_67264.dir/build.make CMakeFiles/cmTC_67264.dir/build
make[1]: Entering directory '/home/neil/catkin_ws/build/CMakeFiles/CMakeTmp'
Building C object CMakeFiles/cmTC_67264.dir/CheckFunctionExists.c.o
/usr/bin/cc   -DCHECK_FUNCTION_EXISTS=pthread_create   -o CMakeFiles/cmTC_67264.dir/CheckFunctionExists.c.o   -c /usr/share/cmake-3.10/Modules/CheckFunctionExists.c
Linking C executable cmTC_67264
/usr/bin/cmake -E cmake_link_script CMakeFiles/cmTC_67264.dir/link.txt --verbose=1
/usr/bin/cc  -DCHECK_FUNCTION_EXISTS=pthread_create    -rdynamic CMakeFiles/cmTC_67264.dir/CheckFunctionExists.c.o  -o cmTC_67264 -lpthreads 
/usr/bin/ld: cannot find -lpthreads
collect2: error: ld returned 1 exit status
CMakeFiles/cmTC_67264.dir/build.make:97: recipe for target 'cmTC_67264' failed
make[1]: *** [cmTC_67264] Error 1
make[1]: Leaving directory '/home/neil/catkin_ws/build/CMakeFiles/CMakeTmp'
Makefile:126: recipe for target 'cmTC_67264/fast' failed
make: *** [cmTC_67264/fast] Error 2


