Symlinking /home/neil/catkin_ws/devel/include/turtlebot3_autorace_detect/DetectTrafficLightParamsConfig.h
Symlinking /home/neil/catkin_ws/devel/include/turtlebot3_autorace_detect/DetectLaneParamsConfig.h
Symlinking /home/neil/catkin_ws/devel/include/turtlebot3_autorace_detect/DetectLevelParamsConfig.h
Symlinking /home/neil/catkin_ws/devel/lib/python2.7/dist-packages/turtlebot3_autorace_detect/__init__.py
Symlinking /home/neil/catkin_ws/devel/lib/python2.7/dist-packages/turtlebot3_autorace_detect/cfg/DetectLevelParamsConfig.py
Symlinking /home/neil/catkin_ws/devel/lib/python2.7/dist-packages/turtlebot3_autorace_detect/cfg/DetectTrafficLightParamsConfig.py
Symlinking /home/neil/catkin_ws/devel/lib/python2.7/dist-packages/turtlebot3_autorace_detect/cfg/__init__.py
Symlinking /home/neil/catkin_ws/devel/lib/python2.7/dist-packages/turtlebot3_autorace_detect/cfg/DetectLaneParamsConfig.py
Symlinking /home/neil/catkin_ws/devel/lib/pkgconfig/turtlebot3_autorace_detect.pc
Symlinking /home/neil/catkin_ws/devel/share/turtlebot3_autorace_detect/cmake/turtlebot3_autorace_detectConfig-version.cmake
Symlinking /home/neil/catkin_ws/devel/share/turtlebot3_autorace_detect/cmake/turtlebot3_autorace_detectConfig.cmake
Symlinking /home/neil/catkin_ws/devel/share/turtlebot3_autorace_detect/docs/DetectTrafficLightParamsConfig.wikidoc
Symlinking /home/neil/catkin_ws/devel/share/turtlebot3_autorace_detect/docs/DetectTrafficLightParamsConfig-usage.dox
Symlinking /home/neil/catkin_ws/devel/share/turtlebot3_autorace_detect/docs/DetectLaneParamsConfig.dox
Symlinking /home/neil/catkin_ws/devel/share/turtlebot3_autorace_detect/docs/DetectTrafficLightParamsConfig.dox
Symlinking /home/neil/catkin_ws/devel/share/turtlebot3_autorace_detect/docs/DetectLevelParamsConfig.wikidoc
Symlinking /home/neil/catkin_ws/devel/share/turtlebot3_autorace_detect/docs/DetectLevelParamsConfig-usage.dox
Symlinking /home/neil/catkin_ws/devel/share/turtlebot3_autorace_detect/docs/DetectLaneParamsConfig-usage.dox
Symlinking /home/neil/catkin_ws/devel/share/turtlebot3_autorace_detect/docs/DetectLaneParamsConfig.wikidoc
Symlinking /home/neil/catkin_ws/devel/share/turtlebot3_autorace_detect/docs/DetectLevelParamsConfig.dox
